#-----------------------------------------------------------
# Vivado v2020.1 (64-bit)
# SW Build 2902540 on Wed May 27 19:54:49 MDT 2020
# IP Build 2902112 on Wed May 27 22:43:36 MDT 2020
# Start of session at: Thu Jan 14 01:27:01 2021
# Process ID: 8036
# Current directory: D:/proyectos_JAM/project_1
# Command line: vivado.exe -gui_launcher_event rodinguilauncherevent12600 D:\proyectos_JAM\project_1\project_1.xpr
# Log file: D:/proyectos_JAM/project_1/vivado.log
# Journal file: D:/proyectos_JAM/project_1\vivado.jou
#-----------------------------------------------------------
start_gui
open_project D:/proyectos_JAM/project_1/project_1.xpr
CRITICAL WARNING: [Project 1-19] Could not find the file 'C:/Users/Joaquín/Desktop/Joaquin Lorenzo Dominguez 54050/project_1/project_1.srcs/constrs_1/imports/Desktop/Nexys4DDR-Master.xdc'.
Scanning sources...
Finished scanning sources
INFO: [IP_Flow 19-234] Refreshing IP repositories
INFO: [IP_Flow 19-1704] No user IP repositories specified
INFO: [IP_Flow 19-2313] Loaded Vivado IP repository 'D:/Vivado/2020.1/data/ip'.
open_project: Time (s): cpu = 00:00:19 ; elapsed = 00:00:19 . Memory (MB): peak = 1015.820 ; gain = 0.000
update_compile_order -fileset sources_1
export_ip_user_files -of_objects  [get_files {{C:/Users/Joaquín/Desktop/Joaquin Lorenzo Dominguez 54050/project_1/project_1.srcs/constrs_1/imports/Desktop/Nexys4DDR-Master.xdc}}] -no_script -reset -force -quiet
remove_files  -fileset constrs_1 {{C:/Users/Joaquín/Desktop/Joaquin Lorenzo Dominguez 54050/project_1/project_1.srcs/constrs_1/imports/Desktop/Nexys4DDR-Master.xdc}}
file mkdir D:/proyectos_JAM/project_1/project_1.srcs/constrs_1
add_files -fileset constrs_1 -norecurse C:/Users/Joaquín/Downloads/Nexys4DDR_Master.xdc
close [ open D:/proyectos_JAM/project_1/project_1.srcs/sources_1/new/Display.vhd w ]
add_files D:/proyectos_JAM/project_1/project_1.srcs/sources_1/new/Display.vhd
update_compile_order -fileset sources_1
