#-----------------------------------------------------------
# Vivado v2020.1 (64-bit)
# SW Build 2902540 on Wed May 27 19:54:49 MDT 2020
# IP Build 2902112 on Wed May 27 22:43:36 MDT 2020
# Start of session at: Thu Jan 14 22:00:25 2021
# Process ID: 13576
# Current directory: D:/proyectos_JAM/project_1
# Command line: vivado.exe -gui_launcher_event rodinguilauncherevent11612 D:\proyectos_JAM\project_1\project_1.xpr
# Log file: D:/proyectos_JAM/project_1/vivado.log
# Journal file: D:/proyectos_JAM/project_1\vivado.jou
#-----------------------------------------------------------
start_gui
open_project D:/proyectos_JAM/project_1/project_1.xpr
Scanning sources...
Finished scanning sources
INFO: [IP_Flow 19-234] Refreshing IP repositories
INFO: [IP_Flow 19-1704] No user IP repositories specified
INFO: [IP_Flow 19-2313] Loaded Vivado IP repository 'D:/Vivado/2020.1/data/ip'.
open_project: Time (s): cpu = 00:00:23 ; elapsed = 00:00:35 . Memory (MB): peak = 1015.461 ; gain = 0.000
update_compile_order -fileset sources_1
close [ open D:/proyectos_JAM/project_1/project_1.srcs/sources_1/new/TOP.vhd w ]
add_files D:/proyectos_JAM/project_1/project_1.srcs/sources_1/new/TOP.vhd
update_compile_order -fileset sources_1
update_compile_order -fileset sources_1
set_property SOURCE_SET sources_1 [get_filesets sim_1]
close [ open D:/proyectos_JAM/project_1/project_1.srcs/sim_1/new/TOP_tb.vhd w ]
add_files -fileset sim_1 D:/proyectos_JAM/project_1/project_1.srcs/sim_1/new/TOP_tb.vhd
update_compile_order -fileset sim_1
set_property top TOP_tb [get_filesets sim_1]
set_property top_lib xil_defaultlib [get_filesets sim_1]
update_compile_order -fileset sim_1
launch_simulation
Command: launch_simulation 
INFO: [Vivado 12-5682] Launching behavioral simulation in 'D:/proyectos_JAM/project_1/project_1.sim/sim_1/behav/xsim'
INFO: [SIM-utils-51] Simulation object is 'sim_1'
INFO: [SIM-utils-54] Inspecting design source files for 'TOP_tb' in fileset 'sim_1'...
INFO: [USF-XSim-97] Finding global include files...
INFO: [USF-XSim-98] Fetching design files from 'sim_1'...
INFO: [USF-XSim-2] XSim::Compile design
INFO: [USF-XSim-61] Executing 'COMPILE and ANALYZE' step in 'D:/proyectos_JAM/project_1/project_1.sim/sim_1/behav/xsim'
"xvhdl --incr --relax -prj TOP_tb_vhdl.prj"
INFO: [VRFC 10-163] Analyzing VHDL file "D:/proyectos_JAM/project_1/project_1.srcs/sources_1/new/Display.vhd" into library xil_defaultlib
INFO: [VRFC 10-3107] analyzing entity 'Display'
INFO: [VRFC 10-163] Analyzing VHDL file "D:/proyectos_JAM/project_1/project_1.srcs/sources_1/new/TOP.vhd" into library xil_defaultlib
INFO: [VRFC 10-3107] analyzing entity 'TOP'
INFO: [VRFC 10-163] Analyzing VHDL file "D:/proyectos_JAM/project_1/project_1.srcs/sources_1/new/design_JAM.vhd" into library xil_defaultlib
INFO: [VRFC 10-3107] analyzing entity 'FSM'
INFO: [VRFC 10-163] Analyzing VHDL file "D:/proyectos_JAM/project_1/project_1.srcs/sim_1/new/TOP_tb.vhd" into library xil_defaultlib
INFO: [VRFC 10-3107] analyzing entity 'TOP_tb'
run_program: Time (s): cpu = 00:00:00 ; elapsed = 00:00:06 . Memory (MB): peak = 1015.461 ; gain = 0.000
INFO: [USF-XSim-69] 'compile' step finished in '6' seconds
INFO: [USF-XSim-3] XSim::Elaborate design
INFO: [USF-XSim-61] Executing 'ELABORATE' step in 'D:/proyectos_JAM/project_1/project_1.sim/sim_1/behav/xsim'
"xelab -wto adf1c4c8e98f4520bf49cd347a96a998 --incr --debug typical --relax --mt 2 -L xil_defaultlib -L secureip --snapshot TOP_tb_behav xil_defaultlib.TOP_tb -log elaborate.log"
Vivado Simulator 2020.1
Copyright 1986-1999, 2001-2020 Xilinx, Inc. All Rights Reserved.
Running: D:/Vivado/2020.1/bin/unwrapped/win64.o/xelab.exe -wto adf1c4c8e98f4520bf49cd347a96a998 --incr --debug typical --relax --mt 2 -L xil_defaultlib -L secureip --snapshot TOP_tb_behav xil_defaultlib.TOP_tb -log elaborate.log 
Using 2 slave threads.
Starting static elaboration
Completed static elaboration
Starting simulation data flow analysis
Completed simulation data flow analysis
Time Resolution for simulation is 1ps
Compiling package std.standard
Compiling package std.textio
Compiling package ieee.std_logic_1164
Compiling package ieee.numeric_std
Compiling package ieee.std_logic_arith
Compiling package ieee.std_logic_unsigned
Compiling architecture behavioral of entity xil_defaultlib.FSM [fsm_default]
Compiling architecture behavioral of entity xil_defaultlib.Display [display_default]
Compiling architecture behavioral of entity xil_defaultlib.TOP [top_default]
Compiling architecture test of entity xil_defaultlib.top_tb
Built simulation snapshot TOP_tb_behav

****** Webtalk v2020.1 (64-bit)
  **** SW Build 2902540 on Wed May 27 19:54:49 MDT 2020
  **** IP Build 2902112 on Wed May 27 22:43:36 MDT 2020
    ** Copyright 1986-2020 Xilinx, Inc. All Rights Reserved.

source D:/proyectos_JAM/project_1/project_1.sim/sim_1/behav/xsim/xsim.dir/TOP_tb_behav/webtalk/xsim_webtalk.tcl -notrace
INFO: [Common 17-186] 'D:/proyectos_JAM/project_1/project_1.sim/sim_1/behav/xsim/xsim.dir/TOP_tb_behav/webtalk/usage_statistics_ext_xsim.xml' has been successfully sent to Xilinx on Thu Jan 14 23:20:23 2021. For additional details about this file, please refer to the WebTalk help file at D:/Vivado/2020.1/doc/webtalk_introduction.html.
webtalk_transmit: Time (s): cpu = 00:00:00 ; elapsed = 00:00:05 . Memory (MB): peak = 89.824 ; gain = 0.000
INFO: [Common 17-206] Exiting Webtalk at Thu Jan 14 23:20:23 2021...
run_program: Time (s): cpu = 00:00:01 ; elapsed = 00:00:23 . Memory (MB): peak = 1015.461 ; gain = 0.000
INFO: [USF-XSim-69] 'elaborate' step finished in '23' seconds
INFO: [USF-XSim-4] XSim::Simulate design
INFO: [USF-XSim-61] Executing 'SIMULATE' step in 'D:/proyectos_JAM/project_1/project_1.sim/sim_1/behav/xsim'
INFO: [USF-XSim-98] *** Running xsim
   with args "TOP_tb_behav -key {Behavioral:sim_1:Functional:TOP_tb} -tclbatch {TOP_tb.tcl} -log {simulate.log}"
INFO: [USF-XSim-8] Loading simulator feature
Vivado Simulator 2020.1
Time resolution is 1 ps
source TOP_tb.tcl
# set curr_wave [current_wave_config]
# if { [string length $curr_wave] == 0 } {
#   if { [llength [get_objects]] > 0} {
#     add_wave /
#     set_property needs_save false [current_wave_config]
#   } else {
#      send_msg_id Add_Wave-1 WARNING "No top level signals found. Simulator will start without a wave window. If you want to open a wave window go to 'File->New Waveform Configuration' or type 'create_wave_config' in the TCL console."
#   }
# }
# run 1000ns
xsim: Time (s): cpu = 00:00:09 ; elapsed = 00:00:08 . Memory (MB): peak = 1015.461 ; gain = 0.000
INFO: [USF-XSim-96] XSim completed. Design snapshot 'TOP_tb_behav' loaded.
INFO: [USF-XSim-97] XSim simulation ran for 1000ns
launch_simulation: Time (s): cpu = 00:00:11 ; elapsed = 00:00:40 . Memory (MB): peak = 1015.461 ; gain = 0.000
run all
Failure: [SUCCESS]: simulation finished.
Time: 50 s  Iteration: 0  Process: /TOP_tb/line__147  File: D:/proyectos_JAM/project_1/project_1.srcs/sim_1/new/TOP_tb.vhd
$finish called at time : 50 s : File "D:/proyectos_JAM/project_1/project_1.srcs/sim_1/new/TOP_tb.vhd" Line 152
close_sim
INFO: [Simtcl 6-16] Simulation closed
close_sim: Time (s): cpu = 00:00:02 ; elapsed = 00:00:09 . Memory (MB): peak = 1015.461 ; gain = 0.000
exit
INFO: [Common 17-206] Exiting Vivado at Thu Jan 14 23:24:19 2021...
